10:07:29 ----START LOGGING----
10:07:41 Google Speech Recognition : did you understand English weigh
10:07:46 Wit.ai : did you understand english way
10:07:58 Wit.ai : we were thinking
10:08:23 Google Speech Recognition : why are you doing that
10:08:30 Wit.ai : what are you doing
10:08:56 Google Speech Recognition : you need to speak louder
10:09:02 Wit.ai : you need to speak out
10:09:19 Google Speech Recognition : all seems to work
10:09:23 Wit.ai : weather seems to work
10:09:39 Wit.ai : three
10:09:49 Google Speech Recognition : no I didn't mean three
10:09:55 Wit.ai : no i didn't three
10:11:07 Wit.ai : if you
10:13:09 Wit.ai : three
10:16:29 Wit.ai : three
10:18:30 Wit.ai : three
10:20:14 Google Speech Recognition : bonjour je m'appelle Nicolas
10:20:20 Wit.ai : board meeting up and call
10:20:30 Google Speech Recognition : broken finger
10:20:36 Wit.ai : go to get
10:21:21 Google Speech Recognition : do you hear me
10:21:26 Wit.ai : do you have any
10:21:52 Wit.ai : okay i didn't know anything
10:21:58 Wit.ai : what are the
10:22:21 Google Speech Recognition : would you stop
10:22:24 Wit.ai : would you stop
